<?xml version="1.0" encoding="utf-8"?><testsuites name="pytest tests"><testsuite name="pytest" errors="0" failures="0" skipped="0" tests="24" time="11.207" timestamp="2026-04-03T02:39:49.686625+00:00" hostname="agent-env-5a5344e4-667a-4ba4-81ff-17534a80334c"><testcase classname="backend.tests.test_api_endpoints.TestRootAndHealth" name="test_root_endpoint_returns_hello_world" time="0.173" /><testcase classname="backend.tests.test_api_endpoints.TestBotManagement" name="test_bot_status_returns_running_status" time="0.104" /><testcase classname="backend.tests.test_api_endpoints.TestBotManagement" name="test_bot_config_returns_configuration" time="0.099" /><testcase classname="backend.tests.test_api_endpoints.TestBotManagement" name="test_bot_commands_returns_command_list" time="0.170" /><testcase classname="backend.tests.test_api_endpoints.TestBotManagement" name="test_bot_start_starts_process" time="2.147" /><testcase classname="backend.tests.test_api_endpoints.TestBotManagement" name="test_bot_stop_stops_process" time="3.946" /><testcase classname="backend.tests.test_api_endpoints.TestTokenPrice" name="test_token_price_returns_live_price" time="0.212" /><testcase classname="backend.tests.test_api_endpoints.TestTokenPrice" name="test_token_history_returns_price_history" time="0.116" /><testcase classname="backend.tests.test_api_endpoints.TestTokenPrice" name="test_record_price_records_current_price" time="0.157" /><testcase classname="backend.tests.test_api_endpoints.TestContractCode" name="test_contract_code_returns_source" time="0.131" /><testcase classname="backend.tests.test_api_endpoints.TestMiningStats" name="test_mining_stats_returns_statistics" time="0.140" /><testcase classname="backend.tests.test_api_endpoints.TestMiningActions" name="test_mining_mine_performs_action" time="0.226" /><testcase classname="backend.tests.test_api_endpoints.TestCasinoGames" name="test_game_coinflip" time="0.347" /><testcase classname="backend.tests.test_api_endpoints.TestCasinoGames" name="test_game_dice" time="0.339" /><testcase classname="backend.tests.test_api_endpoints.TestCasinoGames" name="test_game_slots" time="0.340" /><testcase classname="backend.tests.test_api_endpoints.TestCasinoGames" name="test_game_crash" time="0.312" /><testcase classname="backend.tests.test_api_endpoints.TestCasinoGames" name="test_game_roulette" time="0.337" /><testcase classname="backend.tests.test_api_endpoints.TestMiningLeaderboard" name="test_leaderboard_returns_rankings" time="0.123" /><testcase classname="backend.tests.test_api_endpoints.TestMiningHistory" name="test_history_returns_game_history" time="0.105" /><testcase classname="backend.tests.test_api_endpoints.TestTradingPairs" name="test_trading_pairs_returns_available_pairs" time="0.514" /><testcase classname="backend.tests.test_api_endpoints.TestTradingPositions" name="test_open_position" time="0.322" /><testcase classname="backend.tests.test_api_endpoints.TestTradingPositions" name="test_get_positions" time="0.313" /><testcase classname="backend.tests.test_api_endpoints.TestTradingPositions" name="test_close_position" time="0.333" /><testcase classname="backend.tests.test_api_endpoints.TestTradingStats" name="test_trading_stats" time="0.110" /></testsuite></testsuites>